# JRE version: OpenJDK Runtime Environment Temurin-21.0.8+9 (21.0.8+9) (build 21.0.8+9-LTS)
# Java VM: OpenJDK 64-Bit Server VM Temurin-21.0.8+9 (21.0.8+9-LTS, mixed mode, sharing, tiered, compressed oops, compressed class ptrs, g1 gc, windows-amd64)
GC Precious Log:
 CardTable entry size: 512
 Card Set container configuration: InlinePtr #cards 4 size 8 Array Of Cards #cards 16 size 48 Howl #buckets 8 coarsen threshold 3686 Howl Bitmap #cards 512 size 80 coarsen threshold 460 Card regions per heap region 1 cards per card region 4096
 CPUs: 18 total, 18 available
 Memory: 15800M
 Large Page Support: Disabled
 NUMA Support: Disabled
 Compressed Oops: Enabled (Zero based)
 Heap Region Size: 2M
 Heap Min Capacity: 8M
 Heap Initial Capacity: 248M
 Heap Max Capacity: 3952M
 Pre-touch: Disabled
 Parallel Workers: 14
 Concurrent Workers: 4
 Concurrent Refinement Workers: 14
 Periodic GC: Disabled
Heap:
 garbage-first heap   total 92160K, used 41623K [0x0000000709000000, 0x0000000800000000)
  region size 2048K, 12 young (24576K), 3 survivors (6144K)
 Metaspace       used 59752K, committed 60288K, reserved 1114112K
  class space    used 7872K, committed 8128K, reserved 1048576K
GC Heap History (20 events):
Event: 2.022 GC heap before
{Heap before GC invocations=4 (full 0):
 garbage-first heap   total 55296K, used 52684K [0x0000000709000000, 0x0000000800000000)
  region size 2048K, 23 young (47104K), 4 survivors (8192K)
 Metaspace       used 23563K, committed 23936K, reserved 1114112K
  class space    used 2820K, committed 3008K, reserved 1048576K
}
Event: 2.028 GC heap after
{Heap after GC invocations=5 (full 0):
 garbage-first heap   total 63488K, used 15215K [0x0000000709000000, 0x0000000800000000)
  region size 2048K, 4 young (8192K), 4 survivors (8192K)
 Metaspace       used 23563K, committed 23936K, reserved 1114112K
  class space    used 2820K, committed 3008K, reserved 1048576K
}
Event: 2.332 GC heap before
{Heap before GC invocations=5 (full 0):
 garbage-first heap   total 63488K, used 43887K [0x0000000709000000, 0x0000000800000000)
  region size 2048K, 18 young (36864K), 4 survivors (8192K)
 Metaspace       used 25688K, committed 26112K, reserved 1114112K
  class space    used 3140K, committed 3328K, reserved 1048576K
}
Event: 2.339 GC heap after
{Heap after GC invocations=6 (full 0):
 garbage-first heap   total 63488K, used 17036K [0x0000000709000000, 0x0000000800000000)
  region size 2048K, 2 young (4096K), 2 survivors (4096K)
 Metaspace       used 25688K, committed 26112K, reserved 1114112K
  class space    used 3140K, committed 3328K, reserved 1048576K
}
Event: 2.804 GC heap before
{Heap before GC invocations=6 (full 0):
 garbage-first heap   total 63488K, used 49804K [0x0000000709000000, 0x0000000800000000)
  region size 2048K, 18 young (36864K), 2 survivors (4096K)
 Metaspace       used 29647K, committed 30080K, reserved 1114112K
  class space    used 3656K, committed 3840K, reserved 1048576K
}
Event: 2.809 GC heap after
{Heap after GC invocations=7 (full 0):
 garbage-first heap   total 77824K, used 17936K [0x0000000709000000, 0x0000000800000000)
  region size 2048K, 3 young (6144K), 3 survivors (6144K)
 Metaspace       used 29647K, committed 30080K, reserved 1114112K
  class space    used 3656K, committed 3840K, reserved 1048576K
}
Event: 3.378 GC heap before
{Heap before GC invocations=7 (full 0):
 garbage-first heap   total 77824K, used 56848K [0x0000000709000000, 0x0000000800000000)
  region size 2048K, 22 young (45056K), 3 survivors (6144K)
 Metaspace       used 33792K, committed 34304K, reserved 1114112K
  class space    used 4173K, committed 4416K, reserved 1048576K
}
Event: 3.383 GC heap after
{Heap after GC invocations=8 (full 0):
 garbage-first heap   total 77824K, used 20224K [0x0000000709000000, 0x0000000800000000)
  region size 2048K, 2 young (4096K), 2 survivors (4096K)
 Metaspace       used 33792K, committed 34304K, reserved 1114112K
  class space    used 4173K, committed 4416K, reserved 1048576K
}
Event: 3.537 GC heap before
{Heap before GC invocations=8 (full 0):
 garbage-first heap   total 77824K, used 24320K [0x0000000709000000, 0x0000000800000000)
  region size 2048K, 5 young (10240K), 2 survivors (4096K)
 Metaspace       used 35587K, committed 36096K, reserved 1114112K
  class space    used 4366K, committed 4608K, reserved 1048576K
}
Event: 3.540 GC heap after
{Heap after GC invocations=9 (full 0):
 garbage-first heap   total 77824K, used 20635K [0x0000000709000000, 0x0000000800000000)
  region size 2048K, 2 young (4096K), 2 survivors (4096K)
 Metaspace       used 35587K, committed 36096K, reserved 1114112K
  class space    used 4366K, committed 4608K, reserved 1048576K
}
Event: 4.006 GC heap before
{Heap before GC invocations=10 (full 0):
 garbage-first heap   total 75776K, used 61595K [0x0000000709000000, 0x0000000800000000)
  region size 2048K, 22 young (45056K), 2 survivors (4096K)
 Metaspace       used 41097K, committed 41664K, reserved 1114112K
  class space    used 5064K, committed 5312K, reserved 1048576K
}
Event: 4.009 GC heap after
{Heap after GC invocations=11 (full 0):
 garbage-first heap   total 75776K, used 21503K [0x0000000709000000, 0x0000000800000000)
  region size 2048K, 2 young (4096K), 2 survivors (4096K)
 Metaspace       used 41097K, committed 41664K, reserved 1114112K
  class space    used 5064K, committed 5312K, reserved 1048576K
}
Event: 4.345 GC heap before
{Heap before GC invocations=11 (full 0):
 garbage-first heap   total 75776K, used 62463K [0x0000000709000000, 0x0000000800000000)
  region size 2048K, 22 young (45056K), 2 survivors (4096K)
 Metaspace       used 44853K, committed 45440K, reserved 1114112K
  class space    used 5677K, committed 5952K, reserved 1048576K
}
Event: 4.348 GC heap after
{Heap after GC invocations=12 (full 0):
 garbage-first heap   total 75776K, used 22177K [0x0000000709000000, 0x0000000800000000)
  region size 2048K, 2 young (4096K), 2 survivors (4096K)
 Metaspace       used 44853K, committed 45440K, reserved 1114112K
  class space    used 5677K, committed 5952K, reserved 1048576K
}
Event: 4.790 GC heap before
{Heap before GC invocations=12 (full 0):
 garbage-first heap   total 75776K, used 63137K [0x0000000709000000, 0x0000000800000000)
  region size 2048K, 22 young (45056K), 2 survivors (4096K)
 Metaspace       used 48908K, committed 49472K, reserved 1114112K
  class space    used 6271K, committed 6528K, reserved 1048576K
}
Event: 4.792 GC heap after
{Heap after GC invocations=13 (full 0):
 garbage-first heap   total 75776K, used 22928K [0x0000000709000000, 0x0000000800000000)
  region size 2048K, 2 young (4096K), 2 survivors (4096K)
 Metaspace       used 48908K, committed 49472K, reserved 1114112K
  class space    used 6271K, committed 6528K, reserved 1048576K
}
Event: 5.038 GC heap before
{Heap before GC invocations=13 (full 0):
 garbage-first heap   total 75776K, used 61840K [0x0000000709000000, 0x0000000800000000)
  region size 2048K, 22 young (45056K), 2 survivors (4096K)
 Metaspace       used 53583K, committed 54144K, reserved 1114112K
  class space    used 6930K, committed 7168K, reserved 1048576K
}
Event: 5.041 GC heap after
{Heap after GC invocations=14 (full 0):
 garbage-first heap   total 75776K, used 23626K [0x0000000709000000, 0x0000000800000000)
  region size 2048K, 2 young (4096K), 2 survivors (4096K)
 Metaspace       used 53583K, committed 54144K, reserved 1114112K
  class space    used 6930K, committed 7168K, reserved 1048576K
}
Event: 5.280 GC heap before
{Heap before GC invocations=14 (full 0):
 garbage-first heap   total 75776K, used 64586K [0x0000000709000000, 0x0000000800000000)
  region size 2048K, 22 young (45056K), 2 survivors (4096K)
 Metaspace       used 57898K, committed 58496K, reserved 1114112K
  class space    used 7614K, committed 7872K, reserved 1048576K
}
Event: 5.284 GC heap after
{Heap after GC invocations=15 (full 0):
 garbage-first heap   total 92160K, used 25239K [0x0000000709000000, 0x0000000800000000)
  region size 2048K, 3 young (6144K), 3 survivors (6144K)
 Metaspace       used 57898K, committed 58496K, reserved 1114112K
  class space    used 7614K, committed 7872K, reserved 1048576K
}

