# JRE version: OpenJDK Runtime Environment Temurin-21.0.8+9 (21.0.8+9) (build 21.0.8+9-LTS)
# Java VM: OpenJDK 64-Bit Server VM Temurin-21.0.8+9 (21.0.8+9-LTS, mixed mode, sharing, tiered, compressed oops, compressed class ptrs, g1 gc, windows-amd64)
GC Precious Log:
 CardTable entry size: 512
 Card Set container configuration: InlinePtr #cards 4 size 8 Array Of Cards #cards 16 size 48 Howl #buckets 8 coarsen threshold 3686 Howl Bitmap #cards 512 size 80 coarsen threshold 460 Card regions per heap region 1 cards per card region 4096
 CPUs: 18 total, 18 available
 Memory: 15800M
 Large Page Support: Disabled
 NUMA Support: Disabled
 Compressed Oops: Enabled (Zero based)
 Heap Region Size: 2M
 Heap Min Capacity: 8M
 Heap Initial Capacity: 248M
 Heap Max Capacity: 3952M
 Pre-touch: Disabled
 Parallel Workers: 14
 Concurrent Workers: 4
 Concurrent Refinement Workers: 14
 Periodic GC: Disabled
Heap:
 garbage-first heap   total 75776K, used 41424K [0x0000000709000000, 0x0000000800000000)
  region size 2048K, 12 young (24576K), 3 survivors (6144K)
 Metaspace       used 59776K, committed 60288K, reserved 1114112K
  class space    used 7881K, committed 8128K, reserved 1048576K
GC Heap History (20 events):
Event: 2.021 GC heap before
{Heap before GC invocations=4 (full 0):
 garbage-first heap   total 55296K, used 51893K [0x0000000709000000, 0x0000000800000000)
  region size 2048K, 23 young (47104K), 4 survivors (8192K)
 Metaspace       used 23567K, committed 23936K, reserved 1114112K
  class space    used 2823K, committed 3008K, reserved 1048576K
}
Event: 2.027 GC heap after
{Heap after GC invocations=5 (full 0):
 garbage-first heap   total 63488K, used 14458K [0x0000000709000000, 0x0000000800000000)
  region size 2048K, 4 young (8192K), 4 survivors (8192K)
 Metaspace       used 23567K, committed 23936K, reserved 1114112K
  class space    used 2823K, committed 3008K, reserved 1048576K
}
Event: 2.335 GC heap before
{Heap before GC invocations=5 (full 0):
 garbage-first heap   total 63488K, used 43130K [0x0000000709000000, 0x0000000800000000)
  region size 2048K, 18 young (36864K), 4 survivors (8192K)
 Metaspace       used 25745K, committed 26112K, reserved 1114112K
  class space    used 3152K, committed 3328K, reserved 1048576K
}
Event: 2.344 GC heap after
{Heap after GC invocations=6 (full 0):
 garbage-first heap   total 63488K, used 16204K [0x0000000709000000, 0x0000000800000000)
  region size 2048K, 2 young (4096K), 2 survivors (4096K)
 Metaspace       used 25745K, committed 26112K, reserved 1114112K
  class space    used 3152K, committed 3328K, reserved 1048576K
}
Event: 2.758 GC heap before
{Heap before GC invocations=6 (full 0):
 garbage-first heap   total 63488K, used 48972K [0x0000000709000000, 0x0000000800000000)
  region size 2048K, 18 young (36864K), 2 survivors (4096K)
 Metaspace       used 29671K, committed 30080K, reserved 1114112K
  class space    used 3661K, committed 3840K, reserved 1048576K
}
Event: 2.763 GC heap after
{Heap after GC invocations=7 (full 0):
 garbage-first heap   total 77824K, used 17069K [0x0000000709000000, 0x0000000800000000)
  region size 2048K, 3 young (6144K), 3 survivors (6144K)
 Metaspace       used 29671K, committed 30080K, reserved 1114112K
  class space    used 3661K, committed 3840K, reserved 1048576K
}
Event: 3.266 GC heap before
{Heap before GC invocations=7 (full 0):
 garbage-first heap   total 77824K, used 55981K [0x0000000709000000, 0x0000000800000000)
  region size 2048K, 22 young (45056K), 3 survivors (6144K)
 Metaspace       used 33872K, committed 34432K, reserved 1114112K
  class space    used 4182K, committed 4416K, reserved 1048576K
}
Event: 3.270 GC heap after
{Heap after GC invocations=8 (full 0):
 garbage-first heap   total 77824K, used 19220K [0x0000000709000000, 0x0000000800000000)
  region size 2048K, 2 young (4096K), 2 survivors (4096K)
 Metaspace       used 33872K, committed 34432K, reserved 1114112K
  class space    used 4182K, committed 4416K, reserved 1048576K
}
Event: 3.415 GC heap before
{Heap before GC invocations=8 (full 0):
 garbage-first heap   total 77824K, used 23316K [0x0000000709000000, 0x0000000800000000)
  region size 2048K, 5 young (10240K), 2 survivors (4096K)
 Metaspace       used 35590K, committed 36096K, reserved 1114112K
  class space    used 4368K, committed 4608K, reserved 1048576K
}
Event: 3.418 GC heap after
{Heap after GC invocations=9 (full 0):
 garbage-first heap   total 77824K, used 19986K [0x0000000709000000, 0x0000000800000000)
  region size 2048K, 2 young (4096K), 2 survivors (4096K)
 Metaspace       used 35590K, committed 36096K, reserved 1114112K
  class space    used 4368K, committed 4608K, reserved 1048576K
}
Event: 3.879 GC heap before
{Heap before GC invocations=10 (full 0):
 garbage-first heap   total 75776K, used 60946K [0x0000000709000000, 0x0000000800000000)
  region size 2048K, 22 young (45056K), 2 survivors (4096K)
 Metaspace       used 41113K, committed 41600K, reserved 1114112K
  class space    used 5064K, committed 5248K, reserved 1048576K
}
Event: 3.880 GC heap after
{Heap after GC invocations=11 (full 0):
 garbage-first heap   total 75776K, used 20802K [0x0000000709000000, 0x0000000800000000)
  region size 2048K, 2 young (4096K), 2 survivors (4096K)
 Metaspace       used 41113K, committed 41600K, reserved 1114112K
  class space    used 5064K, committed 5248K, reserved 1048576K
}
Event: 4.182 GC heap before
{Heap before GC invocations=11 (full 0):
 garbage-first heap   total 75776K, used 61762K [0x0000000709000000, 0x0000000800000000)
  region size 2048K, 22 young (45056K), 2 survivors (4096K)
 Metaspace       used 44866K, committed 45440K, reserved 1114112K
  class space    used 5681K, committed 5952K, reserved 1048576K
}
Event: 4.185 GC heap after
{Heap after GC invocations=12 (full 0):
 garbage-first heap   total 75776K, used 21652K [0x0000000709000000, 0x0000000800000000)
  region size 2048K, 2 young (4096K), 2 survivors (4096K)
 Metaspace       used 44866K, committed 45440K, reserved 1114112K
  class space    used 5681K, committed 5952K, reserved 1048576K
}
Event: 4.563 GC heap before
{Heap before GC invocations=12 (full 0):
 garbage-first heap   total 75776K, used 62612K [0x0000000709000000, 0x0000000800000000)
  region size 2048K, 22 young (45056K), 2 survivors (4096K)
 Metaspace       used 48861K, committed 49408K, reserved 1114112K
  class space    used 6274K, committed 6528K, reserved 1048576K
}
Event: 4.565 GC heap after
{Heap after GC invocations=13 (full 0):
 garbage-first heap   total 75776K, used 22472K [0x0000000709000000, 0x0000000800000000)
  region size 2048K, 2 young (4096K), 2 survivors (4096K)
 Metaspace       used 48861K, committed 49408K, reserved 1114112K
  class space    used 6274K, committed 6528K, reserved 1048576K
}
Event: 4.819 GC heap before
{Heap before GC invocations=13 (full 0):
 garbage-first heap   total 75776K, used 61384K [0x0000000709000000, 0x0000000800000000)
  region size 2048K, 22 young (45056K), 2 survivors (4096K)
 Metaspace       used 53559K, committed 54080K, reserved 1114112K
  class space    used 6935K, committed 7168K, reserved 1048576K
}
Event: 4.821 GC heap after
{Heap after GC invocations=14 (full 0):
 garbage-first heap   total 75776K, used 23168K [0x0000000709000000, 0x0000000800000000)
  region size 2048K, 2 young (4096K), 2 survivors (4096K)
 Metaspace       used 53559K, committed 54080K, reserved 1114112K
  class space    used 6935K, committed 7168K, reserved 1048576K
}
Event: 5.062 GC heap before
{Heap before GC invocations=14 (full 0):
 garbage-first heap   total 75776K, used 62080K [0x0000000709000000, 0x0000000800000000)
  region size 2048K, 22 young (45056K), 2 survivors (4096K)
 Metaspace       used 57912K, committed 58432K, reserved 1114112K
  class space    used 7623K, committed 7872K, reserved 1048576K
}
Event: 5.065 GC heap after
{Heap after GC invocations=15 (full 0):
 garbage-first heap   total 75776K, used 25040K [0x0000000709000000, 0x0000000800000000)
  region size 2048K, 3 young (6144K), 3 survivors (6144K)
 Metaspace       used 57912K, committed 58432K, reserved 1114112K
  class space    used 7623K, committed 7872K, reserved 1048576K
}

